Case #1:
1000000110000001 3 4 5 6 7 8 9 10 11
1000001001000001 3 4 5 6 7 8 9 10 11
1000001111000001 3 4 5 6 7 8 9 10 11
1000010000100001 3 4 5 6 7 8 9 10 11
1000010110100001 3 4 5 6 7 8 9 10 11
1000011001100001 3 4 5 6 7 8 9 10 11
1000011111100001 3 4 5 6 7 8 9 10 11
1000100000010001 3 4 5 6 7 8 9 10 11
1000100110010001 3 4 5 6 7 8 9 10 11
1000101001010001 3 4 5 6 7 8 9 10 11
1000101111010001 3 4 5 6 7 8 9 10 11
1000110000110001 3 4 5 6 7 8 9 10 11
1000110110110001 3 4 5 6 7 8 9 10 11
1000111001110001 3 4 5 6 7 8 9 10 11
1000111111110001 3 4 5 6 7 8 9 10 11
1001000000001001 3 4 5 6 7 8 9 10 11
1001000110001001 3 4 5 6 7 8 9 10 11
1001001001001001 3 4 5 6 7 8 9 10 11
1001001111001001 3 4 5 6 7 8 9 10 11
1001010000101001 3 4 5 6 7 8 9 10 11
1001010110101001 3 4 5 6 7 8 9 10 11
1001011001101001 3 4 5 6 7 8 9 10 11
1001011111101001 3 4 5 6 7 8 9 10 11
1001100000011001 3 4 5 6 7 8 9 10 11
1001100110011001 3 4 5 6 7 8 9 10 11
1001101001011001 3 4 5 6 7 8 9 10 11
1001101111011001 3 4 5 6 7 8 9 10 11
1001110000111001 3 4 5 6 7 8 9 10 11
1001110110111001 3 4 5 6 7 8 9 10 11
1001111001111001 3 4 5 6 7 8 9 10 11
1001111111111001 3 4 5 6 7 8 9 10 11
1010000000000101 3 4 5 6 7 8 9 10 11
1010000110000101 3 4 5 6 7 8 9 10 11
1010001001000101 3 4 5 6 7 8 9 10 11
1010001111000101 3 4 5 6 7 8 9 10 11
1010010000100101 3 4 5 6 7 8 9 10 11
1010010110100101 3 4 5 6 7 8 9 10 11
1010011001100101 3 4 5 6 7 8 9 10 11
1010011111100101 3 4 5 6 7 8 9 10 11
1010100000010101 3 4 5 6 7 8 9 10 11
1010100110010101 3 4 5 6 7 8 9 10 11
1010101001010101 3 4 5 6 7 8 9 10 11
1010101111010101 3 4 5 6 7 8 9 10 11
1010110000110101 3 4 5 6 7 8 9 10 11
1010110110110101 3 4 5 6 7 8 9 10 11
1010111001110101 3 4 5 6 7 8 9 10 11
1010111111110101 3 4 5 6 7 8 9 10 11
1011000000001101 3 4 5 6 7 8 9 10 11
1011000110001101 3 4 5 6 7 8 9 10 11
1011001001001101 3 4 5 6 7 8 9 10 11
