Case #1:
10000000000000011000000000000001 3 4 5 6 7 8 9 10 11
10000000000000100100000000000001 3 4 5 6 7 8 9 10 11
10000000000000111100000000000001 3 4 5 6 7 8 9 10 11
10000000000001000010000000000001 3 4 5 6 7 8 9 10 11
10000000000001011010000000000001 3 4 5 6 7 8 9 10 11
10000000000001100110000000000001 3 4 5 6 7 8 9 10 11
10000000000001111110000000000001 3 4 5 6 7 8 9 10 11
10000000000010000001000000000001 3 4 5 6 7 8 9 10 11
10000000000010011001000000000001 3 4 5 6 7 8 9 10 11
10000000000010100101000000000001 3 4 5 6 7 8 9 10 11
10000000000010111101000000000001 3 4 5 6 7 8 9 10 11
10000000000011000011000000000001 3 4 5 6 7 8 9 10 11
10000000000011011011000000000001 3 4 5 6 7 8 9 10 11
10000000000011100111000000000001 3 4 5 6 7 8 9 10 11
10000000000011111111000000000001 3 4 5 6 7 8 9 10 11
10000000000100000000100000000001 3 4 5 6 7 8 9 10 11
10000000000100011000100000000001 3 4 5 6 7 8 9 10 11
10000000000100100100100000000001 3 4 5 6 7 8 9 10 11
10000000000100111100100000000001 3 4 5 6 7 8 9 10 11
10000000000101000010100000000001 3 4 5 6 7 8 9 10 11
10000000000101011010100000000001 3 4 5 6 7 8 9 10 11
10000000000101100110100000000001 3 4 5 6 7 8 9 10 11
10000000000101111110100000000001 3 4 5 6 7 8 9 10 11
10000000000110000001100000000001 3 4 5 6 7 8 9 10 11
10000000000110011001100000000001 3 4 5 6 7 8 9 10 11
10000000000110100101100000000001 3 4 5 6 7 8 9 10 11
10000000000110111101100000000001 3 4 5 6 7 8 9 10 11
10000000000111000011100000000001 3 4 5 6 7 8 9 10 11
10000000000111011011100000000001 3 4 5 6 7 8 9 10 11
10000000000111100111100000000001 3 4 5 6 7 8 9 10 11
10000000000111111111100000000001 3 4 5 6 7 8 9 10 11
10000000001000000000010000000001 3 4 5 6 7 8 9 10 11
10000000001000011000010000000001 3 4 5 6 7 8 9 10 11
10000000001000100100010000000001 3 4 5 6 7 8 9 10 11
10000000001000111100010000000001 3 4 5 6 7 8 9 10 11
10000000001001000010010000000001 3 4 5 6 7 8 9 10 11
10000000001001011010010000000001 3 4 5 6 7 8 9 10 11
10000000001001100110010000000001 3 4 5 6 7 8 9 10 11
10000000001001111110010000000001 3 4 5 6 7 8 9 10 11
10000000001010000001010000000001 3 4 5 6 7 8 9 10 11
10000000001010011001010000000001 3 4 5 6 7 8 9 10 11
10000000001010100101010000000001 3 4 5 6 7 8 9 10 11
10000000001010111101010000000001 3 4 5 6 7 8 9 10 11
10000000001011000011010000000001 3 4 5 6 7 8 9 10 11
10000000001011011011010000000001 3 4 5 6 7 8 9 10 11
10000000001011100111010000000001 3 4 5 6 7 8 9 10 11
10000000001011111111010000000001 3 4 5 6 7 8 9 10 11
10000000001100000000110000000001 3 4 5 6 7 8 9 10 11
10000000001100011000110000000001 3 4 5 6 7 8 9 10 11
10000000001100100100110000000001 3 4 5 6 7 8 9 10 11
10000000001100111100110000000001 3 4 5 6 7 8 9 10 11
10000000001101000010110000000001 3 4 5 6 7 8 9 10 11
10000000001101011010110000000001 3 4 5 6 7 8 9 10 11
10000000001101100110110000000001 3 4 5 6 7 8 9 10 11
10000000001101111110110000000001 3 4 5 6 7 8 9 10 11
10000000001110000001110000000001 3 4 5 6 7 8 9 10 11
10000000001110011001110000000001 3 4 5 6 7 8 9 10 11
10000000001110100101110000000001 3 4 5 6 7 8 9 10 11
10000000001110111101110000000001 3 4 5 6 7 8 9 10 11
10000000001111000011110000000001 3 4 5 6 7 8 9 10 11
10000000001111011011110000000001 3 4 5 6 7 8 9 10 11
10000000001111100111110000000001 3 4 5 6 7 8 9 10 11
10000000001111111111110000000001 3 4 5 6 7 8 9 10 11
10000000010000000000001000000001 3 4 5 6 7 8 9 10 11
10000000010000011000001000000001 3 4 5 6 7 8 9 10 11
10000000010000100100001000000001 3 4 5 6 7 8 9 10 11
10000000010000111100001000000001 3 4 5 6 7 8 9 10 11
10000000010001000010001000000001 3 4 5 6 7 8 9 10 11
10000000010001011010001000000001 3 4 5 6 7 8 9 10 11
10000000010001100110001000000001 3 4 5 6 7 8 9 10 11
10000000010001111110001000000001 3 4 5 6 7 8 9 10 11
10000000010010000001001000000001 3 4 5 6 7 8 9 10 11
10000000010010011001001000000001 3 4 5 6 7 8 9 10 11
10000000010010100101001000000001 3 4 5 6 7 8 9 10 11
10000000010010111101001000000001 3 4 5 6 7 8 9 10 11
10000000010011000011001000000001 3 4 5 6 7 8 9 10 11
10000000010011011011001000000001 3 4 5 6 7 8 9 10 11
10000000010011100111001000000001 3 4 5 6 7 8 9 10 11
10000000010011111111001000000001 3 4 5 6 7 8 9 10 11
10000000010100000000101000000001 3 4 5 6 7 8 9 10 11
10000000010100011000101000000001 3 4 5 6 7 8 9 10 11
10000000010100100100101000000001 3 4 5 6 7 8 9 10 11
10000000010100111100101000000001 3 4 5 6 7 8 9 10 11
10000000010101000010101000000001 3 4 5 6 7 8 9 10 11
10000000010101011010101000000001 3 4 5 6 7 8 9 10 11
10000000010101100110101000000001 3 4 5 6 7 8 9 10 11
10000000010101111110101000000001 3 4 5 6 7 8 9 10 11
10000000010110000001101000000001 3 4 5 6 7 8 9 10 11
10000000010110011001101000000001 3 4 5 6 7 8 9 10 11
10000000010110100101101000000001 3 4 5 6 7 8 9 10 11
10000000010110111101101000000001 3 4 5 6 7 8 9 10 11
10000000010111000011101000000001 3 4 5 6 7 8 9 10 11
10000000010111011011101000000001 3 4 5 6 7 8 9 10 11
10000000010111100111101000000001 3 4 5 6 7 8 9 10 11
10000000010111111111101000000001 3 4 5 6 7 8 9 10 11
10000000011000000000011000000001 3 4 5 6 7 8 9 10 11
10000000011000011000011000000001 3 4 5 6 7 8 9 10 11
10000000011000100100011000000001 3 4 5 6 7 8 9 10 11
10000000011000111100011000000001 3 4 5 6 7 8 9 10 11
10000000011001000010011000000001 3 4 5 6 7 8 9 10 11
10000000011001011010011000000001 3 4 5 6 7 8 9 10 11
10000000011001100110011000000001 3 4 5 6 7 8 9 10 11
10000000011001111110011000000001 3 4 5 6 7 8 9 10 11
10000000011010000001011000000001 3 4 5 6 7 8 9 10 11
10000000011010011001011000000001 3 4 5 6 7 8 9 10 11
10000000011010100101011000000001 3 4 5 6 7 8 9 10 11
10000000011010111101011000000001 3 4 5 6 7 8 9 10 11
10000000011011000011011000000001 3 4 5 6 7 8 9 10 11
10000000011011011011011000000001 3 4 5 6 7 8 9 10 11
10000000011011100111011000000001 3 4 5 6 7 8 9 10 11
10000000011011111111011000000001 3 4 5 6 7 8 9 10 11
10000000011100000000111000000001 3 4 5 6 7 8 9 10 11
10000000011100011000111000000001 3 4 5 6 7 8 9 10 11
10000000011100100100111000000001 3 4 5 6 7 8 9 10 11
10000000011100111100111000000001 3 4 5 6 7 8 9 10 11
10000000011101000010111000000001 3 4 5 6 7 8 9 10 11
10000000011101011010111000000001 3 4 5 6 7 8 9 10 11
10000000011101100110111000000001 3 4 5 6 7 8 9 10 11
10000000011101111110111000000001 3 4 5 6 7 8 9 10 11
10000000011110000001111000000001 3 4 5 6 7 8 9 10 11
10000000011110011001111000000001 3 4 5 6 7 8 9 10 11
10000000011110100101111000000001 3 4 5 6 7 8 9 10 11
10000000011110111101111000000001 3 4 5 6 7 8 9 10 11
10000000011111000011111000000001 3 4 5 6 7 8 9 10 11
10000000011111011011111000000001 3 4 5 6 7 8 9 10 11
10000000011111100111111000000001 3 4 5 6 7 8 9 10 11
10000000011111111111111000000001 3 4 5 6 7 8 9 10 11
10000000100000000000000100000001 3 4 5 6 7 8 9 10 11
10000000100000011000000100000001 3 4 5 6 7 8 9 10 11
10000000100000100100000100000001 3 4 5 6 7 8 9 10 11
10000000100000111100000100000001 3 4 5 6 7 8 9 10 11
10000000100001000010000100000001 3 4 5 6 7 8 9 10 11
10000000100001011010000100000001 3 4 5 6 7 8 9 10 11
10000000100001100110000100000001 3 4 5 6 7 8 9 10 11
10000000100001111110000100000001 3 4 5 6 7 8 9 10 11
10000000100010000001000100000001 3 4 5 6 7 8 9 10 11
10000000100010011001000100000001 3 4 5 6 7 8 9 10 11
10000000100010100101000100000001 3 4 5 6 7 8 9 10 11
10000000100010111101000100000001 3 4 5 6 7 8 9 10 11
10000000100011000011000100000001 3 4 5 6 7 8 9 10 11
10000000100011011011000100000001 3 4 5 6 7 8 9 10 11
10000000100011100111000100000001 3 4 5 6 7 8 9 10 11
10000000100011111111000100000001 3 4 5 6 7 8 9 10 11
10000000100100000000100100000001 3 4 5 6 7 8 9 10 11
10000000100100011000100100000001 3 4 5 6 7 8 9 10 11
10000000100100100100100100000001 3 4 5 6 7 8 9 10 11
10000000100100111100100100000001 3 4 5 6 7 8 9 10 11
10000000100101000010100100000001 3 4 5 6 7 8 9 10 11
10000000100101011010100100000001 3 4 5 6 7 8 9 10 11
10000000100101100110100100000001 3 4 5 6 7 8 9 10 11
10000000100101111110100100000001 3 4 5 6 7 8 9 10 11
10000000100110000001100100000001 3 4 5 6 7 8 9 10 11
10000000100110011001100100000001 3 4 5 6 7 8 9 10 11
10000000100110100101100100000001 3 4 5 6 7 8 9 10 11
10000000100110111101100100000001 3 4 5 6 7 8 9 10 11
10000000100111000011100100000001 3 4 5 6 7 8 9 10 11
10000000100111011011100100000001 3 4 5 6 7 8 9 10 11
10000000100111100111100100000001 3 4 5 6 7 8 9 10 11
10000000100111111111100100000001 3 4 5 6 7 8 9 10 11
10000000101000000000010100000001 3 4 5 6 7 8 9 10 11
10000000101000011000010100000001 3 4 5 6 7 8 9 10 11
10000000101000100100010100000001 3 4 5 6 7 8 9 10 11
10000000101000111100010100000001 3 4 5 6 7 8 9 10 11
10000000101001000010010100000001 3 4 5 6 7 8 9 10 11
10000000101001011010010100000001 3 4 5 6 7 8 9 10 11
10000000101001100110010100000001 3 4 5 6 7 8 9 10 11
10000000101001111110010100000001 3 4 5 6 7 8 9 10 11
10000000101010000001010100000001 3 4 5 6 7 8 9 10 11
10000000101010011001010100000001 3 4 5 6 7 8 9 10 11
10000000101010100101010100000001 3 4 5 6 7 8 9 10 11
10000000101010111101010100000001 3 4 5 6 7 8 9 10 11
10000000101011000011010100000001 3 4 5 6 7 8 9 10 11
10000000101011011011010100000001 3 4 5 6 7 8 9 10 11
10000000101011100111010100000001 3 4 5 6 7 8 9 10 11
10000000101011111111010100000001 3 4 5 6 7 8 9 10 11
10000000101100000000110100000001 3 4 5 6 7 8 9 10 11
10000000101100011000110100000001 3 4 5 6 7 8 9 10 11
10000000101100100100110100000001 3 4 5 6 7 8 9 10 11
10000000101100111100110100000001 3 4 5 6 7 8 9 10 11
10000000101101000010110100000001 3 4 5 6 7 8 9 10 11
10000000101101011010110100000001 3 4 5 6 7 8 9 10 11
10000000101101100110110100000001 3 4 5 6 7 8 9 10 11
10000000101101111110110100000001 3 4 5 6 7 8 9 10 11
10000000101110000001110100000001 3 4 5 6 7 8 9 10 11
10000000101110011001110100000001 3 4 5 6 7 8 9 10 11
10000000101110100101110100000001 3 4 5 6 7 8 9 10 11
10000000101110111101110100000001 3 4 5 6 7 8 9 10 11
10000000101111000011110100000001 3 4 5 6 7 8 9 10 11
10000000101111011011110100000001 3 4 5 6 7 8 9 10 11
10000000101111100111110100000001 3 4 5 6 7 8 9 10 11
10000000101111111111110100000001 3 4 5 6 7 8 9 10 11
10000000110000000000001100000001 3 4 5 6 7 8 9 10 11
10000000110000011000001100000001 3 4 5 6 7 8 9 10 11
10000000110000100100001100000001 3 4 5 6 7 8 9 10 11
10000000110000111100001100000001 3 4 5 6 7 8 9 10 11
10000000110001000010001100000001 3 4 5 6 7 8 9 10 11
10000000110001011010001100000001 3 4 5 6 7 8 9 10 11
10000000110001100110001100000001 3 4 5 6 7 8 9 10 11
10000000110001111110001100000001 3 4 5 6 7 8 9 10 11
10000000110010000001001100000001 3 4 5 6 7 8 9 10 11
10000000110010011001001100000001 3 4 5 6 7 8 9 10 11
10000000110010100101001100000001 3 4 5 6 7 8 9 10 11
10000000110010111101001100000001 3 4 5 6 7 8 9 10 11
10000000110011000011001100000001 3 4 5 6 7 8 9 10 11
10000000110011011011001100000001 3 4 5 6 7 8 9 10 11
10000000110011100111001100000001 3 4 5 6 7 8 9 10 11
10000000110011111111001100000001 3 4 5 6 7 8 9 10 11
10000000110100000000101100000001 3 4 5 6 7 8 9 10 11
10000000110100011000101100000001 3 4 5 6 7 8 9 10 11
10000000110100100100101100000001 3 4 5 6 7 8 9 10 11
10000000110100111100101100000001 3 4 5 6 7 8 9 10 11
10000000110101000010101100000001 3 4 5 6 7 8 9 10 11
10000000110101011010101100000001 3 4 5 6 7 8 9 10 11
10000000110101100110101100000001 3 4 5 6 7 8 9 10 11
10000000110101111110101100000001 3 4 5 6 7 8 9 10 11
10000000110110000001101100000001 3 4 5 6 7 8 9 10 11
10000000110110011001101100000001 3 4 5 6 7 8 9 10 11
10000000110110100101101100000001 3 4 5 6 7 8 9 10 11
10000000110110111101101100000001 3 4 5 6 7 8 9 10 11
10000000110111000011101100000001 3 4 5 6 7 8 9 10 11
10000000110111011011101100000001 3 4 5 6 7 8 9 10 11
10000000110111100111101100000001 3 4 5 6 7 8 9 10 11
10000000110111111111101100000001 3 4 5 6 7 8 9 10 11
10000000111000000000011100000001 3 4 5 6 7 8 9 10 11
10000000111000011000011100000001 3 4 5 6 7 8 9 10 11
10000000111000100100011100000001 3 4 5 6 7 8 9 10 11
10000000111000111100011100000001 3 4 5 6 7 8 9 10 11
10000000111001000010011100000001 3 4 5 6 7 8 9 10 11
10000000111001011010011100000001 3 4 5 6 7 8 9 10 11
10000000111001100110011100000001 3 4 5 6 7 8 9 10 11
10000000111001111110011100000001 3 4 5 6 7 8 9 10 11
10000000111010000001011100000001 3 4 5 6 7 8 9 10 11
10000000111010011001011100000001 3 4 5 6 7 8 9 10 11
10000000111010100101011100000001 3 4 5 6 7 8 9 10 11
10000000111010111101011100000001 3 4 5 6 7 8 9 10 11
10000000111011000011011100000001 3 4 5 6 7 8 9 10 11
10000000111011011011011100000001 3 4 5 6 7 8 9 10 11
10000000111011100111011100000001 3 4 5 6 7 8 9 10 11
10000000111011111111011100000001 3 4 5 6 7 8 9 10 11
10000000111100000000111100000001 3 4 5 6 7 8 9 10 11
10000000111100011000111100000001 3 4 5 6 7 8 9 10 11
10000000111100100100111100000001 3 4 5 6 7 8 9 10 11
10000000111100111100111100000001 3 4 5 6 7 8 9 10 11
10000000111101000010111100000001 3 4 5 6 7 8 9 10 11
10000000111101011010111100000001 3 4 5 6 7 8 9 10 11
10000000111101100110111100000001 3 4 5 6 7 8 9 10 11
10000000111101111110111100000001 3 4 5 6 7 8 9 10 11
10000000111110000001111100000001 3 4 5 6 7 8 9 10 11
10000000111110011001111100000001 3 4 5 6 7 8 9 10 11
10000000111110100101111100000001 3 4 5 6 7 8 9 10 11
10000000111110111101111100000001 3 4 5 6 7 8 9 10 11
10000000111111000011111100000001 3 4 5 6 7 8 9 10 11
10000000111111011011111100000001 3 4 5 6 7 8 9 10 11
10000000111111100111111100000001 3 4 5 6 7 8 9 10 11
10000000111111111111111100000001 3 4 5 6 7 8 9 10 11
10000001000000000000000010000001 3 4 5 6 7 8 9 10 11
10000001000000011000000010000001 3 4 5 6 7 8 9 10 11
10000001000000100100000010000001 3 4 5 6 7 8 9 10 11
10000001000000111100000010000001 3 4 5 6 7 8 9 10 11
10000001000001000010000010000001 3 4 5 6 7 8 9 10 11
10000001000001011010000010000001 3 4 5 6 7 8 9 10 11
10000001000001100110000010000001 3 4 5 6 7 8 9 10 11
10000001000001111110000010000001 3 4 5 6 7 8 9 10 11
10000001000010000001000010000001 3 4 5 6 7 8 9 10 11
10000001000010011001000010000001 3 4 5 6 7 8 9 10 11
10000001000010100101000010000001 3 4 5 6 7 8 9 10 11
10000001000010111101000010000001 3 4 5 6 7 8 9 10 11
10000001000011000011000010000001 3 4 5 6 7 8 9 10 11
10000001000011011011000010000001 3 4 5 6 7 8 9 10 11
10000001000011100111000010000001 3 4 5 6 7 8 9 10 11
10000001000011111111000010000001 3 4 5 6 7 8 9 10 11
10000001000100000000100010000001 3 4 5 6 7 8 9 10 11
10000001000100011000100010000001 3 4 5 6 7 8 9 10 11
10000001000100100100100010000001 3 4 5 6 7 8 9 10 11
10000001000100111100100010000001 3 4 5 6 7 8 9 10 11
10000001000101000010100010000001 3 4 5 6 7 8 9 10 11
10000001000101011010100010000001 3 4 5 6 7 8 9 10 11
10000001000101100110100010000001 3 4 5 6 7 8 9 10 11
10000001000101111110100010000001 3 4 5 6 7 8 9 10 11
10000001000110000001100010000001 3 4 5 6 7 8 9 10 11
10000001000110011001100010000001 3 4 5 6 7 8 9 10 11
10000001000110100101100010000001 3 4 5 6 7 8 9 10 11
10000001000110111101100010000001 3 4 5 6 7 8 9 10 11
10000001000111000011100010000001 3 4 5 6 7 8 9 10 11
10000001000111011011100010000001 3 4 5 6 7 8 9 10 11
10000001000111100111100010000001 3 4 5 6 7 8 9 10 11
10000001000111111111100010000001 3 4 5 6 7 8 9 10 11
10000001001000000000010010000001 3 4 5 6 7 8 9 10 11
10000001001000011000010010000001 3 4 5 6 7 8 9 10 11
10000001001000100100010010000001 3 4 5 6 7 8 9 10 11
10000001001000111100010010000001 3 4 5 6 7 8 9 10 11
10000001001001000010010010000001 3 4 5 6 7 8 9 10 11
10000001001001011010010010000001 3 4 5 6 7 8 9 10 11
10000001001001100110010010000001 3 4 5 6 7 8 9 10 11
10000001001001111110010010000001 3 4 5 6 7 8 9 10 11
10000001001010000001010010000001 3 4 5 6 7 8 9 10 11
10000001001010011001010010000001 3 4 5 6 7 8 9 10 11
10000001001010100101010010000001 3 4 5 6 7 8 9 10 11
10000001001010111101010010000001 3 4 5 6 7 8 9 10 11
10000001001011000011010010000001 3 4 5 6 7 8 9 10 11
10000001001011011011010010000001 3 4 5 6 7 8 9 10 11
10000001001011100111010010000001 3 4 5 6 7 8 9 10 11
10000001001011111111010010000001 3 4 5 6 7 8 9 10 11
10000001001100000000110010000001 3 4 5 6 7 8 9 10 11
10000001001100011000110010000001 3 4 5 6 7 8 9 10 11
10000001001100100100110010000001 3 4 5 6 7 8 9 10 11
10000001001100111100110010000001 3 4 5 6 7 8 9 10 11
10000001001101000010110010000001 3 4 5 6 7 8 9 10 11
10000001001101011010110010000001 3 4 5 6 7 8 9 10 11
10000001001101100110110010000001 3 4 5 6 7 8 9 10 11
10000001001101111110110010000001 3 4 5 6 7 8 9 10 11
10000001001110000001110010000001 3 4 5 6 7 8 9 10 11
10000001001110011001110010000001 3 4 5 6 7 8 9 10 11
10000001001110100101110010000001 3 4 5 6 7 8 9 10 11
10000001001110111101110010000001 3 4 5 6 7 8 9 10 11
10000001001111000011110010000001 3 4 5 6 7 8 9 10 11
10000001001111011011110010000001 3 4 5 6 7 8 9 10 11
10000001001111100111110010000001 3 4 5 6 7 8 9 10 11
10000001001111111111110010000001 3 4 5 6 7 8 9 10 11
10000001010000000000001010000001 3 4 5 6 7 8 9 10 11
10000001010000011000001010000001 3 4 5 6 7 8 9 10 11
10000001010000100100001010000001 3 4 5 6 7 8 9 10 11
10000001010000111100001010000001 3 4 5 6 7 8 9 10 11
10000001010001000010001010000001 3 4 5 6 7 8 9 10 11
10000001010001011010001010000001 3 4 5 6 7 8 9 10 11
10000001010001100110001010000001 3 4 5 6 7 8 9 10 11
10000001010001111110001010000001 3 4 5 6 7 8 9 10 11
10000001010010000001001010000001 3 4 5 6 7 8 9 10 11
10000001010010011001001010000001 3 4 5 6 7 8 9 10 11
10000001010010100101001010000001 3 4 5 6 7 8 9 10 11
10000001010010111101001010000001 3 4 5 6 7 8 9 10 11
10000001010011000011001010000001 3 4 5 6 7 8 9 10 11
10000001010011011011001010000001 3 4 5 6 7 8 9 10 11
10000001010011100111001010000001 3 4 5 6 7 8 9 10 11
10000001010011111111001010000001 3 4 5 6 7 8 9 10 11
10000001010100000000101010000001 3 4 5 6 7 8 9 10 11
10000001010100011000101010000001 3 4 5 6 7 8 9 10 11
10000001010100100100101010000001 3 4 5 6 7 8 9 10 11
10000001010100111100101010000001 3 4 5 6 7 8 9 10 11
10000001010101000010101010000001 3 4 5 6 7 8 9 10 11
10000001010101011010101010000001 3 4 5 6 7 8 9 10 11
10000001010101100110101010000001 3 4 5 6 7 8 9 10 11
10000001010101111110101010000001 3 4 5 6 7 8 9 10 11
10000001010110000001101010000001 3 4 5 6 7 8 9 10 11
10000001010110011001101010000001 3 4 5 6 7 8 9 10 11
10000001010110100101101010000001 3 4 5 6 7 8 9 10 11
10000001010110111101101010000001 3 4 5 6 7 8 9 10 11
10000001010111000011101010000001 3 4 5 6 7 8 9 10 11
10000001010111011011101010000001 3 4 5 6 7 8 9 10 11
10000001010111100111101010000001 3 4 5 6 7 8 9 10 11
10000001010111111111101010000001 3 4 5 6 7 8 9 10 11
10000001011000000000011010000001 3 4 5 6 7 8 9 10 11
10000001011000011000011010000001 3 4 5 6 7 8 9 10 11
10000001011000100100011010000001 3 4 5 6 7 8 9 10 11
10000001011000111100011010000001 3 4 5 6 7 8 9 10 11
10000001011001000010011010000001 3 4 5 6 7 8 9 10 11
10000001011001011010011010000001 3 4 5 6 7 8 9 10 11
10000001011001100110011010000001 3 4 5 6 7 8 9 10 11
10000001011001111110011010000001 3 4 5 6 7 8 9 10 11
10000001011010000001011010000001 3 4 5 6 7 8 9 10 11
10000001011010011001011010000001 3 4 5 6 7 8 9 10 11
10000001011010100101011010000001 3 4 5 6 7 8 9 10 11
10000001011010111101011010000001 3 4 5 6 7 8 9 10 11
10000001011011000011011010000001 3 4 5 6 7 8 9 10 11
10000001011011011011011010000001 3 4 5 6 7 8 9 10 11
10000001011011100111011010000001 3 4 5 6 7 8 9 10 11
10000001011011111111011010000001 3 4 5 6 7 8 9 10 11
10000001011100000000111010000001 3 4 5 6 7 8 9 10 11
10000001011100011000111010000001 3 4 5 6 7 8 9 10 11
10000001011100100100111010000001 3 4 5 6 7 8 9 10 11
10000001011100111100111010000001 3 4 5 6 7 8 9 10 11
10000001011101000010111010000001 3 4 5 6 7 8 9 10 11
10000001011101011010111010000001 3 4 5 6 7 8 9 10 11
10000001011101100110111010000001 3 4 5 6 7 8 9 10 11
10000001011101111110111010000001 3 4 5 6 7 8 9 10 11
10000001011110000001111010000001 3 4 5 6 7 8 9 10 11
10000001011110011001111010000001 3 4 5 6 7 8 9 10 11
10000001011110100101111010000001 3 4 5 6 7 8 9 10 11
10000001011110111101111010000001 3 4 5 6 7 8 9 10 11
10000001011111000011111010000001 3 4 5 6 7 8 9 10 11
10000001011111011011111010000001 3 4 5 6 7 8 9 10 11
10000001011111100111111010000001 3 4 5 6 7 8 9 10 11
10000001011111111111111010000001 3 4 5 6 7 8 9 10 11
10000001100000000000000110000001 3 4 5 6 7 8 9 10 11
10000001100000011000000110000001 3 4 5 6 7 8 9 10 11
10000001100000100100000110000001 3 4 5 6 7 8 9 10 11
10000001100000111100000110000001 3 4 5 6 7 8 9 10 11
10000001100001000010000110000001 3 4 5 6 7 8 9 10 11
10000001100001011010000110000001 3 4 5 6 7 8 9 10 11
10000001100001100110000110000001 3 4 5 6 7 8 9 10 11
10000001100001111110000110000001 3 4 5 6 7 8 9 10 11
10000001100010000001000110000001 3 4 5 6 7 8 9 10 11
10000001100010011001000110000001 3 4 5 6 7 8 9 10 11
10000001100010100101000110000001 3 4 5 6 7 8 9 10 11
10000001100010111101000110000001 3 4 5 6 7 8 9 10 11
10000001100011000011000110000001 3 4 5 6 7 8 9 10 11
10000001100011011011000110000001 3 4 5 6 7 8 9 10 11
10000001100011100111000110000001 3 4 5 6 7 8 9 10 11
10000001100011111111000110000001 3 4 5 6 7 8 9 10 11
10000001100100000000100110000001 3 4 5 6 7 8 9 10 11
10000001100100011000100110000001 3 4 5 6 7 8 9 10 11
10000001100100100100100110000001 3 4 5 6 7 8 9 10 11
10000001100100111100100110000001 3 4 5 6 7 8 9 10 11
10000001100101000010100110000001 3 4 5 6 7 8 9 10 11
10000001100101011010100110000001 3 4 5 6 7 8 9 10 11
10000001100101100110100110000001 3 4 5 6 7 8 9 10 11
10000001100101111110100110000001 3 4 5 6 7 8 9 10 11
10000001100110000001100110000001 3 4 5 6 7 8 9 10 11
10000001100110011001100110000001 3 4 5 6 7 8 9 10 11
10000001100110100101100110000001 3 4 5 6 7 8 9 10 11
10000001100110111101100110000001 3 4 5 6 7 8 9 10 11
10000001100111000011100110000001 3 4 5 6 7 8 9 10 11
10000001100111011011100110000001 3 4 5 6 7 8 9 10 11
10000001100111100111100110000001 3 4 5 6 7 8 9 10 11
10000001100111111111100110000001 3 4 5 6 7 8 9 10 11
10000001101000000000010110000001 3 4 5 6 7 8 9 10 11
10000001101000011000010110000001 3 4 5 6 7 8 9 10 11
10000001101000100100010110000001 3 4 5 6 7 8 9 10 11
10000001101000111100010110000001 3 4 5 6 7 8 9 10 11
10000001101001000010010110000001 3 4 5 6 7 8 9 10 11
10000001101001011010010110000001 3 4 5 6 7 8 9 10 11
10000001101001100110010110000001 3 4 5 6 7 8 9 10 11
10000001101001111110010110000001 3 4 5 6 7 8 9 10 11
10000001101010000001010110000001 3 4 5 6 7 8 9 10 11
10000001101010011001010110000001 3 4 5 6 7 8 9 10 11
10000001101010100101010110000001 3 4 5 6 7 8 9 10 11
10000001101010111101010110000001 3 4 5 6 7 8 9 10 11
10000001101011000011010110000001 3 4 5 6 7 8 9 10 11
10000001101011011011010110000001 3 4 5 6 7 8 9 10 11
10000001101011100111010110000001 3 4 5 6 7 8 9 10 11
10000001101011111111010110000001 3 4 5 6 7 8 9 10 11
10000001101100000000110110000001 3 4 5 6 7 8 9 10 11
10000001101100011000110110000001 3 4 5 6 7 8 9 10 11
10000001101100100100110110000001 3 4 5 6 7 8 9 10 11
10000001101100111100110110000001 3 4 5 6 7 8 9 10 11
10000001101101000010110110000001 3 4 5 6 7 8 9 10 11
10000001101101011010110110000001 3 4 5 6 7 8 9 10 11
10000001101101100110110110000001 3 4 5 6 7 8 9 10 11
10000001101101111110110110000001 3 4 5 6 7 8 9 10 11
10000001101110000001110110000001 3 4 5 6 7 8 9 10 11
10000001101110011001110110000001 3 4 5 6 7 8 9 10 11
10000001101110100101110110000001 3 4 5 6 7 8 9 10 11
10000001101110111101110110000001 3 4 5 6 7 8 9 10 11
10000001101111000011110110000001 3 4 5 6 7 8 9 10 11
10000001101111011011110110000001 3 4 5 6 7 8 9 10 11
10000001101111100111110110000001 3 4 5 6 7 8 9 10 11
10000001101111111111110110000001 3 4 5 6 7 8 9 10 11
10000001110000000000001110000001 3 4 5 6 7 8 9 10 11
10000001110000011000001110000001 3 4 5 6 7 8 9 10 11
10000001110000100100001110000001 3 4 5 6 7 8 9 10 11
10000001110000111100001110000001 3 4 5 6 7 8 9 10 11
10000001110001000010001110000001 3 4 5 6 7 8 9 10 11
10000001110001011010001110000001 3 4 5 6 7 8 9 10 11
10000001110001100110001110000001 3 4 5 6 7 8 9 10 11
10000001110001111110001110000001 3 4 5 6 7 8 9 10 11
10000001110010000001001110000001 3 4 5 6 7 8 9 10 11
10000001110010011001001110000001 3 4 5 6 7 8 9 10 11
10000001110010100101001110000001 3 4 5 6 7 8 9 10 11
10000001110010111101001110000001 3 4 5 6 7 8 9 10 11
10000001110011000011001110000001 3 4 5 6 7 8 9 10 11
10000001110011011011001110000001 3 4 5 6 7 8 9 10 11
10000001110011100111001110000001 3 4 5 6 7 8 9 10 11
10000001110011111111001110000001 3 4 5 6 7 8 9 10 11
10000001110100000000101110000001 3 4 5 6 7 8 9 10 11
10000001110100011000101110000001 3 4 5 6 7 8 9 10 11
10000001110100100100101110000001 3 4 5 6 7 8 9 10 11
10000001110100111100101110000001 3 4 5 6 7 8 9 10 11
10000001110101000010101110000001 3 4 5 6 7 8 9 10 11
10000001110101011010101110000001 3 4 5 6 7 8 9 10 11
10000001110101100110101110000001 3 4 5 6 7 8 9 10 11
10000001110101111110101110000001 3 4 5 6 7 8 9 10 11
10000001110110000001101110000001 3 4 5 6 7 8 9 10 11
10000001110110011001101110000001 3 4 5 6 7 8 9 10 11
10000001110110100101101110000001 3 4 5 6 7 8 9 10 11
10000001110110111101101110000001 3 4 5 6 7 8 9 10 11
10000001110111000011101110000001 3 4 5 6 7 8 9 10 11
10000001110111011011101110000001 3 4 5 6 7 8 9 10 11
10000001110111100111101110000001 3 4 5 6 7 8 9 10 11
10000001110111111111101110000001 3 4 5 6 7 8 9 10 11
10000001111000000000011110000001 3 4 5 6 7 8 9 10 11
10000001111000011000011110000001 3 4 5 6 7 8 9 10 11
10000001111000100100011110000001 3 4 5 6 7 8 9 10 11
10000001111000111100011110000001 3 4 5 6 7 8 9 10 11
10000001111001000010011110000001 3 4 5 6 7 8 9 10 11
10000001111001011010011110000001 3 4 5 6 7 8 9 10 11
10000001111001100110011110000001 3 4 5 6 7 8 9 10 11
10000001111001111110011110000001 3 4 5 6 7 8 9 10 11
10000001111010000001011110000001 3 4 5 6 7 8 9 10 11
10000001111010011001011110000001 3 4 5 6 7 8 9 10 11
10000001111010100101011110000001 3 4 5 6 7 8 9 10 11
10000001111010111101011110000001 3 4 5 6 7 8 9 10 11
10000001111011000011011110000001 3 4 5 6 7 8 9 10 11
10000001111011011011011110000001 3 4 5 6 7 8 9 10 11
10000001111011100111011110000001 3 4 5 6 7 8 9 10 11
10000001111011111111011110000001 3 4 5 6 7 8 9 10 11
10000001111100000000111110000001 3 4 5 6 7 8 9 10 11
10000001111100011000111110000001 3 4 5 6 7 8 9 10 11
10000001111100100100111110000001 3 4 5 6 7 8 9 10 11
10000001111100111100111110000001 3 4 5 6 7 8 9 10 11
10000001111101000010111110000001 3 4 5 6 7 8 9 10 11
