GLL ->  GGG GLL GLL -> GGG GGG GGG GGG GLL GLL GGG GLL GLL 
LGL ->  LGL GGG LGL -> LGL GGG LGL GGG GGG GGG LGL GGG LGL
LLG ->  LLG LLG GGG -> LLG LLG GGG LLG LLG GGG GGG GGG GGG

FOR C = 1: 1,2,3
FOR C = 2: 2, 6
FOR C = 3: 6

GLLL -> GGGG GLLL GLLL GLLL -> GGGG GGGG GGGG GGGG GGGG GLLL GLLL GLLL GGGG GLLL GLLL GLLL GGGG GLLL GLLL GLLL
LGLL -> LGLL GGGG LGLL LGLL -> LGLL GGGG LGLL LGLL GGGG GGGG GGGG GGGG LGLL GGGG LGLL LGLL LGLL GGGG LGLL LGLL
LLGL -> LLGL LLGL GGGG LLGL -> LLGL LLGL GGGG LLGL LLGL LLGL GGGG LLGL GGGG GGGG GGGG GGGG LLGL LLGL GGGG LLGL
LLLG -> LLLG LLLG LLLG GGGG -> LLLG LLLG LLLG GGGG LLLG LLLG LLLG GGGG LLLG LLLG LLLG GGGG GGGG GGGG GGGG GGGG
			    
			    -> GGGG GGGG GGGG GGGG   GGGG GGGG GGGG GGGG
			    -> LGLL GGGG LGLL LGLL   GGGG GGGG GGGG GGGG
			    -> LLGL LLGL GGGG LLGL   LLGL LLGL GGGG LLGL
			    -> LLLG LLLG LLLG GGGG   LLLG LLLG LLLG GGGG
FOR C = 1: 1,2,3,4
FOR C = 2: 2, 12
FOR C = 3: 7, 8
FOR C = 4: 28

OBSERVATIONS:

if in the i-th column for the C-th complexity there is k rows of all 'G'
then in the next iteration (with C+1 complexity), there is at most k+1 rows of all 'G'
since all two rows, unless they are all "G" are equal

for K C S:

if K % C == 0 : then can be done for S>=: K/C (test: if C == 1 then S >= K -------> OK)
if K % C != 0 : then can be done for S >= K/C + 1  


find the tiles:

	first tile: 			second tile: 			third tile: 			fourth tile:  			fifth tile:
K = 4:                                                                                                 
C = 1: 	1                               2				3				4
C = 2:  0*4 + 2 = 2			2*4 + 4 = 12
C = 3:  ((0*4 + 2) - 1)*4 + 3 = 7	((2*4 + 4) - 1)*4 + 6 = 50 
C = 4:  (7 - 1)*4 + 4 = 28


K = 5: 
C = 1:  1				2				3				4				5
C = 2:  0*5 + 2 = 2			2*5 + 4	= 14			4*5 + 5 = 25
C = 3:  1*5 + 3	= 8			13*5 + 6 = 71 
C = 4:  7*5 + 4 = 35			68*5 + 5 = ...
C = 5:  38*5 + 5

try out the K = 5 case:


GLLLL -> GGGGG GLLLL GLLLL GLLLL GLLLL -> GGGGG GGGGG GGGGG GGGGG GGGGG GGGGG 
LGLLL -> LGLLL GGGGG LGLLL LGLLL LGLLL -> LGLLL GGGGG LGLLL LGLLL LGLLL GGGGG GGGGG GGGGG GGGGG GGGGG LGLLL LGLLL LGLLL LGLLL LGLLL LGLLL LGLLL LGLLL LGLLL LGLLL LGLLL LGLLL LGLLL LGLLL LGLLL
LLGLL -> LLGLL LLGLL GGGGG LLGLL LLGLL -> LLGLL LLGLL LLGLL LLGLL LLGLL LLGLL LLGLL LLGLL LLGLL LLGLL GGGGG GGGGG GGGGG GGGGG GGGGG LLGLL LLGLL LLGLL LLGLL LLGLL LLGLL LLGLL LLGLL LLGLL LLGLL
LLLGL -> LLLGL LLLGL LLLGL GGGGG LLLGL -> LLLGL LLLGL LLLGL LLLGL LLLGL LLLGL LLLGL LLLGL LLLGL LLLGL LLLGL LLLGL LLLGL LLLGL LLLGL GGGGG GGGGG GGGGG GGGGG GGGGG LLLGL LLLGL LLLGL LLLGL LLLGL
LLLLG -> LLLLG LLLLG LLLLG LLLLG GGGGG -> LLLLG LLLLG LLLLG LLLLG LLLLG LLLLG LLLLG LLLLG LLLLG LLLLG LLLLG LLLLG LLLLG LLLLG LLLLG LLLLG LLLLG LLLLG LLLLG LLLLG GGGGG GGGGG GGGGG GGGGG GGGGG


